<?xml version="1.0" encoding="UTF-8"?>
<testsuite xmlns:xsi="http://www.w3.org/2001/XMLSchema-instance" xsi:noNamespaceSchemaLocation="https://maven.apache.org/surefire/maven-surefire-plugin/xsd/surefire-test-report-3.0.xsd" version="3.0" name="com.raeen.talkify.Server.Controller.ChatControllerWebSocketTest" time="15.789" tests="3" errors="0" skipped="0" failures="2">
  <properties>
[...]
</properties>
  <testcase name="testTypingIndicator" classname="com.raeen.talkify.Server.Controller.ChatControllerWebSocketTest" time="0.78">
    <system-out><![CDATA[18:54:00.850 [main] INFO org.springframework.test.context.support.AnnotationConfigContextLoaderUtils -- Could not detect default configuration classes for test class [com.raeen.talkify.Server.Controller.ChatControllerWebSocketTest]: ChatControllerWebSocketTest does not declare any static, non-private, non-final, nested classes annotated with @Configuration.
18:54:01.127 [main] INFO org.springframework.boot.test.context.SpringBootTestContextBootstrapper -- Found @SpringBootConfiguration com.raeen.talkify.Server.ServerApplication for test class com.raeen.talkify.Server.Controller.ChatControllerWebSocketTest
18:54:01.401 [main] INFO org.springframework.boot.devtools.restart.RestartApplicationListener -- Restart disabled due to context in which it is running

  .   ____          _            __ _ _
 /\\ / ___'_ __ _ _(_)_ __  __ _ \ \ \ \
( ( )\___ | '_ | '_| | '_ \/ _` | \ \ \ \
 \\/  ___)| |_)| | | | | || (_| |  ) ) ) )
  '  |____| .__|_| |_|_| |_\__, | / / / /
 =========|_|==============|___/=/_/_/_/
 :: Spring Boot ::                (v3.2.3)

2025-06-30T18:54:01.937+05:30  INFO 17572 --- [chat-backend] [           main] c.r.t.S.C.ChatControllerWebSocketTest    : Starting ChatControllerWebSocketTest using Java 21.0.7 with PID 17572 (started by raeen in D:\PROJECTS\Talkify\Server)
2025-06-30T18:54:01.939+05:30  INFO 17572 --- [chat-backend] [           main] c.r.t.S.C.ChatControllerWebSocketTest    : No active profile set, falling back to 1 default profile: "default"
2025-06-30T18:54:03.416+05:30  INFO 17572 --- [chat-backend] [           main] .s.d.r.c.RepositoryConfigurationDelegate : Bootstrapping Spring Data JPA repositories in DEFAULT mode.
2025-06-30T18:54:03.507+05:30  INFO 17572 --- [chat-backend] [           main] .s.d.r.c.RepositoryConfigurationDelegate : Finished Spring Data repository scanning in 82 ms. Found 6 JPA repository interfaces.
2025-06-30T18:54:06.328+05:30  INFO 17572 --- [chat-backend] [           main] o.s.b.w.embedded.tomcat.TomcatWebServer  : Tomcat initialized with port 0 (http)
2025-06-30T18:54:06.348+05:30  INFO 17572 --- [chat-backend] [           main] o.apache.catalina.core.StandardService   : Starting service [Tomcat]
2025-06-30T18:54:06.348+05:30  INFO 17572 --- [chat-backend] [           main] o.apache.catalina.core.StandardEngine    : Starting Servlet engine: [Apache Tomcat/10.1.19]
2025-06-30T18:54:06.460+05:30  INFO 17572 --- [chat-backend] [           main] o.a.c.c.C.[Tomcat].[localhost].[/]       : Initializing Spring embedded WebApplicationContext
2025-06-30T18:54:06.462+05:30  INFO 17572 --- [chat-backend] [           main] w.s.c.ServletWebServerApplicationContext : Root WebApplicationContext: initialization completed in 4484 ms
2025-06-30T18:54:07.194+05:30  INFO 17572 --- [chat-backend] [           main] o.hibernate.jpa.internal.util.LogHelper  : HHH000204: Processing PersistenceUnitInfo [name: default]
2025-06-30T18:54:07.309+05:30  INFO 17572 --- [chat-backend] [           main] org.hibernate.Version                    : HHH000412: Hibernate ORM core version 6.4.4.Final
2025-06-30T18:54:07.374+05:30  INFO 17572 --- [chat-backend] [           main] o.h.c.internal.RegionFactoryInitiator    : HHH000026: Second-level cache disabled
2025-06-30T18:54:07.603+05:30  INFO 17572 --- [chat-backend] [           main] o.s.o.j.p.SpringPersistenceUnitInfo      : No LoadTimeWeaver setup: ignoring JPA class transformer
2025-06-30T18:54:07.656+05:30  INFO 17572 --- [chat-backend] [           main] com.zaxxer.hikari.HikariDataSource       : HikariPool-1 - Starting...
2025-06-30T18:54:08.311+05:30  INFO 17572 --- [chat-backend] [           main] com.zaxxer.hikari.pool.HikariPool        : HikariPool-1 - Added connection com.mysql.cj.jdbc.ConnectionImpl@4fea23d6
2025-06-30T18:54:08.314+05:30  INFO 17572 --- [chat-backend] [           main] com.zaxxer.hikari.HikariDataSource       : HikariPool-1 - Start completed.
2025-06-30T18:54:09.811+05:30  INFO 17572 --- [chat-backend] [           main] o.h.e.t.j.p.i.JtaPlatformInitiator       : HHH000489: No JTA platform available (set 'hibernate.transaction.jta.platform' to enable JTA platform integration)
2025-06-30T18:54:09.868+05:30  INFO 17572 --- [chat-backend] [           main] j.LocalContainerEntityManagerFactoryBean : Initialized JPA EntityManagerFactory for persistence unit 'default'
2025-06-30T18:54:11.156+05:30  WARN 17572 --- [chat-backend] [           main] JpaBaseConfiguration$JpaWebConfiguration : spring.jpa.open-in-view is enabled by default. Therefore, database queries may be performed during view rendering. Explicitly configure spring.jpa.open-in-view to disable this warning
2025-06-30T18:54:12.025+05:30  INFO 17572 --- [chat-backend] [           main] o.s.b.a.e.web.EndpointLinksResolver      : Exposing 13 endpoint(s) beneath base path '/actuator'
2025-06-30T18:54:12.122+05:30  INFO 17572 --- [chat-backend] [           main] o.s.s.web.DefaultSecurityFilterChain     : Will secure any request with [org.springframework.security.web.session.DisableEncodeUrlFilter@35c55050, org.springframework.security.web.context.request.async.WebAsyncManagerIntegrationFilter@2a0154f7, org.springframework.security.web.context.SecurityContextHolderFilter@2fa81b23, org.springframework.security.web.header.HeaderWriterFilter@7ab5b01a, org.springframework.web.filter.CorsFilter@237e61ac, org.springframework.security.web.authentication.logout.LogoutFilter@358b70c4, com.raeen.talkify.Server.Config.JwtAuthFilter@15311af2, org.springframework.security.web.savedrequest.RequestCacheAwareFilter@476d5f2e, org.springframework.security.web.servletapi.SecurityContextHolderAwareRequestFilter@76527a00, org.springframework.security.web.authentication.AnonymousAuthenticationFilter@19abe8f7, org.springframework.security.web.session.SessionManagementFilter@64078e6a, org.springframework.security.web.access.ExceptionTranslationFilter@4b477d05, org.springframework.security.web.access.intercept.AuthorizationFilter@7c7335dc]
2025-06-30T18:54:12.728+05:30  INFO 17572 --- [chat-backend] [           main] o.s.d.j.r.query.QueryEnhancerFactory     : Hibernate is in classpath; If applicable, HQL parser will be used.
2025-06-30T18:54:13.615+05:30  INFO 17572 --- [chat-backend] [           main] o.s.b.w.embedded.tomcat.TomcatWebServer  : Tomcat started on port 61947 (http) with context path ''
2025-06-30T18:54:13.618+05:30  INFO 17572 --- [chat-backend] [           main] o.s.m.s.b.SimpleBrokerMessageHandler     : Starting...
2025-06-30T18:54:13.619+05:30  INFO 17572 --- [chat-backend] [           main] o.s.m.s.b.SimpleBrokerMessageHandler     : BrokerAvailabilityEvent[available=true, SimpleBrokerMessageHandler [org.springframework.messaging.simp.broker.DefaultSubscriptionRegistry@1675adad]]
2025-06-30T18:54:13.619+05:30  INFO 17572 --- [chat-backend] [           main] o.s.m.s.b.SimpleBrokerMessageHandler     : Started.
2025-06-30T18:54:13.641+05:30  INFO 17572 --- [chat-backend] [           main] c.r.t.S.C.ChatControllerWebSocketTest    : Started ChatControllerWebSocketTest in 12.261 seconds (process running for 14.374)
]]></system-out>
    <system-err><![CDATA[WARNING: A Java agent has been loaded dynamically (C:\Users\raeen\.m2\repository\net\bytebuddy\byte-buddy-agent\1.14.12\byte-buddy-agent-1.14.12.jar)
WARNING: If a serviceability tool is in use, please run with -XX:+EnableDynamicAgentLoading to hide this warning
WARNING: If a serviceability tool is not in use, please run with -Djdk.instrument.traceUsage for more information
WARNING: Dynamic loading of agents will be disallowed by default in a future release
]]></system-err>
  </testcase>
  <testcase name="testMessageStatusUpdate" classname="com.raeen.talkify.Server.Controller.ChatControllerWebSocketTest" time="0.571">
    <failure message="&#10;Wanted but not invoked:&#10;messageService bean.updateStatus(&#10;    999L,&#10;    &quot;READ&quot;&#10;);&#10;-&gt; at com.raeen.talkify.Server.Service.MessageService.updateStatus(MessageService.java:33)&#10;Actually, there were zero interactions with this mock.&#10;" type="Wanted but not invoked"><![CDATA[Wanted but not invoked:
messageService bean.updateStatus(
    999L,
    "READ"
);
-> at com.raeen.talkify.Server.Service.MessageService.updateStatus(MessageService.java:33)
Actually, there were zero interactions with this mock.

	at com.raeen.talkify.Server.Service.MessageService.updateStatus(MessageService.java:33)
	at com.raeen.talkify.Server.Controller.ChatControllerWebSocketTest.testMessageStatusUpdate(ChatControllerWebSocketTest.java:74)
	at java.base/java.lang.reflect.Method.invoke(Method.java:580)
	at java.base/java.util.ArrayList.forEach(ArrayList.java:1596)
	at java.base/java.util.ArrayList.forEach(ArrayList.java:1596)
]]></failure>
  </testcase>
  <testcase name="testProcessMessage" classname="com.raeen.talkify.Server.Controller.ChatControllerWebSocketTest" time="1.037">
    <failure message="&#10;Wanted but not invoked:&#10;messageService bean.saveMessage(&#10;    1L,&#10;    2L,&#10;    &quot;Hello Chat!&quot;&#10;);&#10;-&gt; at com.raeen.talkify.Server.Service.MessageService.saveMessage(MessageService.java:18)&#10;Actually, there were zero interactions with this mock.&#10;" type="Wanted but not invoked"><![CDATA[Wanted but not invoked:
messageService bean.saveMessage(
    1L,
    2L,
    "Hello Chat!"
);
-> at com.raeen.talkify.Server.Service.MessageService.saveMessage(MessageService.java:18)
Actually, there were zero interactions with this mock.

	at com.raeen.talkify.Server.Service.MessageService.saveMessage(MessageService.java:18)
	at com.raeen.talkify.Server.Controller.ChatControllerWebSocketTest.testProcessMessage(ChatControllerWebSocketTest.java:61)
	at java.base/java.lang.reflect.Method.invoke(Method.java:580)
	at java.base/java.util.ArrayList.forEach(ArrayList.java:1596)
	at java.base/java.util.ArrayList.forEach(ArrayList.java:1596)
]]></failure>
  </testcase>
</testsuite>